<?xml version="1.0" encoding="UTF-8"?>
<!-- Generated by org.testng.reporters.JUnitReportReporter -->
<testsuite hostname="NORIHUELA10" name="pruebas.Laboratorio3" tests="1" failures="0" timestamp="16 Mar 2020 17:42:53 GMT" time="1.529" errors="0">
  <testcase name="registroFacebook" time="1.529" classname="pruebas.Laboratorio3"/>
</testsuite> <!-- pruebas.Laboratorio3 -->
