<?xml version="1.0" encoding="UTF-8"?>
<!-- Generated by org.testng.reporters.JUnitReportReporter -->
<testsuite skipped="0" hostname="NORIHUELA10" name="pruebas.Test_Laboratorio4_E1" tests="5" failures="0" timestamp="2020-04-03T20:10:35 ART" time="15.614" errors="0">
  <testcase name="crearCuentaInvalida" time="4.244" classname="pruebas.Test_Laboratorio4_E1"/>
  <system-out/>
  <testcase name="crearCuentaInvalida" time="3.123" classname="pruebas.Test_Laboratorio4_E1"/>
  <system-out/>
  <testcase name="crearCuentaInvalida" time="3.040" classname="pruebas.Test_Laboratorio4_E1"/>
  <system-out/>
  <testcase name="crearCuentaInvalida" time="2.298" classname="pruebas.Test_Laboratorio4_E1"/>
  <system-out/>
  <testcase name="crearCuentaInvalida" time="2.909" classname="pruebas.Test_Laboratorio4_E1"/>
  <system-out/>
</testsuite> <!-- pruebas.Test_Laboratorio4_E1 -->
