<?xml version="1.0" encoding="UTF-8"?>
<!-- Generated by org.testng.reporters.JUnitReportReporter -->
<testsuite skipped="1" hostname="NORIHUELA10" name="pruebas.Laboratorio3_E1" tests="2" failures="0" timestamp="2020-03-26T11:40:24 ART" time="2.925" errors="0">
  <testcase name="registroFacebook" time="2.925" classname="pruebas.Laboratorio3_E1"/>
  <system-out/>
  <testcase name="verificarLink" classname="pruebas.Laboratorio3_E1">
    <skipped/>
  </testcase> <!-- verificarLink -->
  <system-out/>
</testsuite> <!-- pruebas.Laboratorio3_E1 -->
