<?xml version="1.0" encoding="UTF-8"?>
<!-- Generated by org.testng.reporters.JUnitReportReporter -->
<testsuite hostname="NORIHUELA10" name="Test.Laboratorio3" tests="2" failures="0" timestamp="15 Mar 2020 18:38:05 GMT" time="0.170" errors="0">
  <testcase name="verificarEnvioDeMail" time="0.108" classname="Test.Laboratorio3"/>
  <testcase name="verificarLink" time="0.062" classname="Test.Laboratorio3"/>
</testsuite> <!-- Test.Laboratorio3 -->
